<?xml version="1.0" encoding="UTF-8"?>
<!-- Generated by org.testng.reporters.JUnitReportReporter -->
<testsuite skipped="0" hostname="LAPTOP-IKMUNMSO" name="SearchTest" tests="1" failures="0" timestamp="2020-07-29T19:52:23 IST" time="15.300" errors="0">
  <testcase name="getSpicegetPage" time="15.300" classname="SearchTest"/>
  <system-out/>
</testsuite> <!-- SearchTest -->
